2025-07-05T05:55:44.779Z [ERROR] Send email error: Error: Testowy błąd loggera!
    at POST (webpack-internal:///(rsc)/./src/app/api/send/route.js:45:15)
    at process.processTicksAndRejections (node:internal/process/task_queues:95:5)
    at async AppRouteRouteModule.do (/Users/matt/strona_www_portfolio/portfolio-website/node_modules/next/dist/compiled/next-server/app-route.runtime.dev.js:26:34112)
    at async AppRouteRouteModule.handle (/Users/matt/strona_www_portfolio/portfolio-website/node_modules/next/dist/compiled/next-server/app-route.runtime.dev.js:26:41338)
    at async doRender (/Users/matt/strona_www_portfolio/portfolio-website/node_modules/next/dist/server/base-server.js:1518:42)
    at async DevServer.renderToResponseWithComponentsImpl (/Users/matt/strona_www_portfolio/portfolio-website/node_modules/next/dist/server/base-server.js:1920:28)
    at async DevServer.renderPageComponent (/Users/matt/strona_www_portfolio/portfolio-website/node_modules/next/dist/server/base-server.js:2408:24)
    at async DevServer.renderToResponseImpl (/Users/matt/strona_www_portfolio/portfolio-website/node_modules/next/dist/server/base-server.js:2445:32)
    at async DevServer.pipeImpl (/Users/matt/strona_www_portfolio/portfolio-website/node_modules/next/dist/server/base-server.js:1008:25)
    at async NextNodeServer.handleCatchallRenderRequest (/Users/matt/strona_www_portfolio/portfolio-website/node_modules/next/dist/server/next-server.js:305:17)
    at async DevServer.handleRequestImpl (/Users/matt/strona_www_portfolio/portfolio-website/node_modules/next/dist/server/base-server.js:900:17)
    at async /Users/matt/strona_www_portfolio/portfolio-website/node_modules/next/dist/server/dev/next-dev-server.js:371:20
    at async Span.traceAsyncFn (/Users/matt/strona_www_portfolio/portfolio-website/node_modules/next/dist/trace/trace.js:157:20)
    at async DevServer.handleRequest (/Users/matt/strona_www_portfolio/portfolio-website/node_modules/next/dist/server/dev/next-dev-server.js:368:24)
    at async invokeRender (/Users/matt/strona_www_portfolio/portfolio-website/node_modules/next/dist/server/lib/router-server.js:237:21)
    at async handleRequest (/Users/matt/strona_www_portfolio/portfolio-website/node_modules/next/dist/server/lib/router-server.js:428:24)
    at async requestHandlerImpl (/Users/matt/strona_www_portfolio/portfolio-website/node_modules/next/dist/server/lib/router-server.js:452:13)
    at async Server.requestListener (/Users/matt/strona_www_portfolio/portfolio-website/node_modules/next/dist/server/lib/start-server.js:158:13)
2025-07-05T06:03:26.413Z [ERROR] Send email error: Error: Testowy błąd loggera!
    at POST (webpack-internal:///(rsc)/./src/app/api/send/route.js:45:15)
    at process.processTicksAndRejections (node:internal/process/task_queues:95:5)
    at async AppRouteRouteModule.do (/Users/matt/strona_www_portfolio/portfolio-website/node_modules/next/dist/compiled/next-server/app-route.runtime.dev.js:26:34112)
    at async AppRouteRouteModule.handle (/Users/matt/strona_www_portfolio/portfolio-website/node_modules/next/dist/compiled/next-server/app-route.runtime.dev.js:26:41338)
    at async doRender (/Users/matt/strona_www_portfolio/portfolio-website/node_modules/next/dist/server/base-server.js:1518:42)
    at async DevServer.renderToResponseWithComponentsImpl (/Users/matt/strona_www_portfolio/portfolio-website/node_modules/next/dist/server/base-server.js:1920:28)
    at async DevServer.renderPageComponent (/Users/matt/strona_www_portfolio/portfolio-website/node_modules/next/dist/server/base-server.js:2408:24)
    at async DevServer.renderToResponseImpl (/Users/matt/strona_www_portfolio/portfolio-website/node_modules/next/dist/server/base-server.js:2445:32)
    at async DevServer.pipeImpl (/Users/matt/strona_www_portfolio/portfolio-website/node_modules/next/dist/server/base-server.js:1008:25)
    at async NextNodeServer.handleCatchallRenderRequest (/Users/matt/strona_www_portfolio/portfolio-website/node_modules/next/dist/server/next-server.js:305:17)
    at async DevServer.handleRequestImpl (/Users/matt/strona_www_portfolio/portfolio-website/node_modules/next/dist/server/base-server.js:900:17)
    at async /Users/matt/strona_www_portfolio/portfolio-website/node_modules/next/dist/server/dev/next-dev-server.js:371:20
    at async Span.traceAsyncFn (/Users/matt/strona_www_portfolio/portfolio-website/node_modules/next/dist/trace/trace.js:157:20)
    at async DevServer.handleRequest (/Users/matt/strona_www_portfolio/portfolio-website/node_modules/next/dist/server/dev/next-dev-server.js:368:24)
    at async invokeRender (/Users/matt/strona_www_portfolio/portfolio-website/node_modules/next/dist/server/lib/router-server.js:237:21)
    at async handleRequest (/Users/matt/strona_www_portfolio/portfolio-website/node_modules/next/dist/server/lib/router-server.js:428:24)
    at async requestHandlerImpl (/Users/matt/strona_www_portfolio/portfolio-website/node_modules/next/dist/server/lib/router-server.js:452:13)
    at async Server.requestListener (/Users/matt/strona_www_portfolio/portfolio-website/node_modules/next/dist/server/lib/start-server.js:158:13)
2025-07-05T06:03:37.526Z [ERROR] Send email error: Error: Testowy błąd loggera!
    at POST (webpack-internal:///(rsc)/./src/app/api/send/route.js:45:15)
    at process.processTicksAndRejections (node:internal/process/task_queues:95:5)
    at async AppRouteRouteModule.do (/Users/matt/strona_www_portfolio/portfolio-website/node_modules/next/dist/compiled/next-server/app-route.runtime.dev.js:26:34112)
    at async AppRouteRouteModule.handle (/Users/matt/strona_www_portfolio/portfolio-website/node_modules/next/dist/compiled/next-server/app-route.runtime.dev.js:26:41338)
    at async doRender (/Users/matt/strona_www_portfolio/portfolio-website/node_modules/next/dist/server/base-server.js:1518:42)
    at async DevServer.renderToResponseWithComponentsImpl (/Users/matt/strona_www_portfolio/portfolio-website/node_modules/next/dist/server/base-server.js:1920:28)
    at async DevServer.renderPageComponent (/Users/matt/strona_www_portfolio/portfolio-website/node_modules/next/dist/server/base-server.js:2408:24)
    at async DevServer.renderToResponseImpl (/Users/matt/strona_www_portfolio/portfolio-website/node_modules/next/dist/server/base-server.js:2445:32)
    at async DevServer.pipeImpl (/Users/matt/strona_www_portfolio/portfolio-website/node_modules/next/dist/server/base-server.js:1008:25)
    at async NextNodeServer.handleCatchallRenderRequest (/Users/matt/strona_www_portfolio/portfolio-website/node_modules/next/dist/server/next-server.js:305:17)
    at async DevServer.handleRequestImpl (/Users/matt/strona_www_portfolio/portfolio-website/node_modules/next/dist/server/base-server.js:900:17)
    at async /Users/matt/strona_www_portfolio/portfolio-website/node_modules/next/dist/server/dev/next-dev-server.js:371:20
    at async Span.traceAsyncFn (/Users/matt/strona_www_portfolio/portfolio-website/node_modules/next/dist/trace/trace.js:157:20)
    at async DevServer.handleRequest (/Users/matt/strona_www_portfolio/portfolio-website/node_modules/next/dist/server/dev/next-dev-server.js:368:24)
    at async invokeRender (/Users/matt/strona_www_portfolio/portfolio-website/node_modules/next/dist/server/lib/router-server.js:237:21)
    at async handleRequest (/Users/matt/strona_www_portfolio/portfolio-website/node_modules/next/dist/server/lib/router-server.js:428:24)
    at async requestHandlerImpl (/Users/matt/strona_www_portfolio/portfolio-website/node_modules/next/dist/server/lib/router-server.js:452:13)
    at async Server.requestListener (/Users/matt/strona_www_portfolio/portfolio-website/node_modules/next/dist/server/lib/start-server.js:158:13)
2025-07-05T06:06:55.626Z [ERROR] Send email error: Error: Testowy błąd loggera!
    at POST (webpack-internal:///(rsc)/./src/app/api/send/route.js:45:15)
    at process.processTicksAndRejections (node:internal/process/task_queues:95:5)
    at async AppRouteRouteModule.do (/Users/matt/strona_www_portfolio/portfolio-website/node_modules/next/dist/compiled/next-server/app-route.runtime.dev.js:26:34112)
    at async AppRouteRouteModule.handle (/Users/matt/strona_www_portfolio/portfolio-website/node_modules/next/dist/compiled/next-server/app-route.runtime.dev.js:26:41338)
    at async doRender (/Users/matt/strona_www_portfolio/portfolio-website/node_modules/next/dist/server/base-server.js:1518:42)
    at async DevServer.renderToResponseWithComponentsImpl (/Users/matt/strona_www_portfolio/portfolio-website/node_modules/next/dist/server/base-server.js:1920:28)
    at async DevServer.renderPageComponent (/Users/matt/strona_www_portfolio/portfolio-website/node_modules/next/dist/server/base-server.js:2408:24)
    at async DevServer.renderToResponseImpl (/Users/matt/strona_www_portfolio/portfolio-website/node_modules/next/dist/server/base-server.js:2445:32)
    at async DevServer.pipeImpl (/Users/matt/strona_www_portfolio/portfolio-website/node_modules/next/dist/server/base-server.js:1008:25)
    at async NextNodeServer.handleCatchallRenderRequest (/Users/matt/strona_www_portfolio/portfolio-website/node_modules/next/dist/server/next-server.js:305:17)
    at async DevServer.handleRequestImpl (/Users/matt/strona_www_portfolio/portfolio-website/node_modules/next/dist/server/base-server.js:900:17)
    at async /Users/matt/strona_www_portfolio/portfolio-website/node_modules/next/dist/server/dev/next-dev-server.js:371:20
    at async Span.traceAsyncFn (/Users/matt/strona_www_portfolio/portfolio-website/node_modules/next/dist/trace/trace.js:157:20)
    at async DevServer.handleRequest (/Users/matt/strona_www_portfolio/portfolio-website/node_modules/next/dist/server/dev/next-dev-server.js:368:24)
    at async invokeRender (/Users/matt/strona_www_portfolio/portfolio-website/node_modules/next/dist/server/lib/router-server.js:237:21)
    at async handleRequest (/Users/matt/strona_www_portfolio/portfolio-website/node_modules/next/dist/server/lib/router-server.js:428:24)
    at async requestHandlerImpl (/Users/matt/strona_www_portfolio/portfolio-website/node_modules/next/dist/server/lib/router-server.js:452:13)
    at async Server.requestListener (/Users/matt/strona_www_portfolio/portfolio-website/node_modules/next/dist/server/lib/start-server.js:158:13)
2025-07-05T06:07:09.625Z [ERROR] Send email error: Error: Testowy błąd loggera!
    at POST (webpack-internal:///(rsc)/./src/app/api/send/route.js:45:15)
    at process.processTicksAndRejections (node:internal/process/task_queues:95:5)
    at async AppRouteRouteModule.do (/Users/matt/strona_www_portfolio/portfolio-website/node_modules/next/dist/compiled/next-server/app-route.runtime.dev.js:26:34112)
    at async AppRouteRouteModule.handle (/Users/matt/strona_www_portfolio/portfolio-website/node_modules/next/dist/compiled/next-server/app-route.runtime.dev.js:26:41338)
    at async doRender (/Users/matt/strona_www_portfolio/portfolio-website/node_modules/next/dist/server/base-server.js:1518:42)
    at async DevServer.renderToResponseWithComponentsImpl (/Users/matt/strona_www_portfolio/portfolio-website/node_modules/next/dist/server/base-server.js:1920:28)
    at async DevServer.renderPageComponent (/Users/matt/strona_www_portfolio/portfolio-website/node_modules/next/dist/server/base-server.js:2408:24)
    at async DevServer.renderToResponseImpl (/Users/matt/strona_www_portfolio/portfolio-website/node_modules/next/dist/server/base-server.js:2445:32)
    at async DevServer.pipeImpl (/Users/matt/strona_www_portfolio/portfolio-website/node_modules/next/dist/server/base-server.js:1008:25)
    at async NextNodeServer.handleCatchallRenderRequest (/Users/matt/strona_www_portfolio/portfolio-website/node_modules/next/dist/server/next-server.js:305:17)
    at async DevServer.handleRequestImpl (/Users/matt/strona_www_portfolio/portfolio-website/node_modules/next/dist/server/base-server.js:900:17)
    at async /Users/matt/strona_www_portfolio/portfolio-website/node_modules/next/dist/server/dev/next-dev-server.js:371:20
    at async Span.traceAsyncFn (/Users/matt/strona_www_portfolio/portfolio-website/node_modules/next/dist/trace/trace.js:157:20)
    at async DevServer.handleRequest (/Users/matt/strona_www_portfolio/portfolio-website/node_modules/next/dist/server/dev/next-dev-server.js:368:24)
    at async invokeRender (/Users/matt/strona_www_portfolio/portfolio-website/node_modules/next/dist/server/lib/router-server.js:237:21)
    at async handleRequest (/Users/matt/strona_www_portfolio/portfolio-website/node_modules/next/dist/server/lib/router-server.js:428:24)
    at async requestHandlerImpl (/Users/matt/strona_www_portfolio/portfolio-website/node_modules/next/dist/server/lib/router-server.js:452:13)
    at async Server.requestListener (/Users/matt/strona_www_portfolio/portfolio-website/node_modules/next/dist/server/lib/start-server.js:158:13)
2025-07-05T06:11:23.392Z [ERROR] Send email error: Error: Testowy błąd loggera!
    at POST (webpack-internal:///(rsc)/./src/app/api/send/route.js:45:15)
    at process.processTicksAndRejections (node:internal/process/task_queues:95:5)
    at async AppRouteRouteModule.do (/Users/matt/strona_www_portfolio/portfolio-website/node_modules/next/dist/compiled/next-server/app-route.runtime.dev.js:26:34112)
    at async AppRouteRouteModule.handle (/Users/matt/strona_www_portfolio/portfolio-website/node_modules/next/dist/compiled/next-server/app-route.runtime.dev.js:26:41338)
    at async doRender (/Users/matt/strona_www_portfolio/portfolio-website/node_modules/next/dist/server/base-server.js:1518:42)
    at async DevServer.renderToResponseWithComponentsImpl (/Users/matt/strona_www_portfolio/portfolio-website/node_modules/next/dist/server/base-server.js:1920:28)
    at async DevServer.renderPageComponent (/Users/matt/strona_www_portfolio/portfolio-website/node_modules/next/dist/server/base-server.js:2408:24)
    at async DevServer.renderToResponseImpl (/Users/matt/strona_www_portfolio/portfolio-website/node_modules/next/dist/server/base-server.js:2445:32)
    at async DevServer.pipeImpl (/Users/matt/strona_www_portfolio/portfolio-website/node_modules/next/dist/server/base-server.js:1008:25)
    at async NextNodeServer.handleCatchallRenderRequest (/Users/matt/strona_www_portfolio/portfolio-website/node_modules/next/dist/server/next-server.js:305:17)
    at async DevServer.handleRequestImpl (/Users/matt/strona_www_portfolio/portfolio-website/node_modules/next/dist/server/base-server.js:900:17)
    at async /Users/matt/strona_www_portfolio/portfolio-website/node_modules/next/dist/server/dev/next-dev-server.js:371:20
    at async Span.traceAsyncFn (/Users/matt/strona_www_portfolio/portfolio-website/node_modules/next/dist/trace/trace.js:157:20)
    at async DevServer.handleRequest (/Users/matt/strona_www_portfolio/portfolio-website/node_modules/next/dist/server/dev/next-dev-server.js:368:24)
    at async invokeRender (/Users/matt/strona_www_portfolio/portfolio-website/node_modules/next/dist/server/lib/router-server.js:237:21)
    at async handleRequest (/Users/matt/strona_www_portfolio/portfolio-website/node_modules/next/dist/server/lib/router-server.js:428:24)
    at async requestHandlerImpl (/Users/matt/strona_www_portfolio/portfolio-website/node_modules/next/dist/server/lib/router-server.js:452:13)
    at async Server.requestListener (/Users/matt/strona_www_portfolio/portfolio-website/node_modules/next/dist/server/lib/start-server.js:158:13)
2025-07-05T06:15:19.909Z [ERROR] Send email error: Error: Testowy błąd loggera!
    at POST (webpack-internal:///(rsc)/./src/app/api/send/route.js:45:15)
    at process.processTicksAndRejections (node:internal/process/task_queues:95:5)
    at async AppRouteRouteModule.do (/Users/matt/strona_www_portfolio/portfolio-website/node_modules/next/dist/compiled/next-server/app-route.runtime.dev.js:26:34112)
    at async AppRouteRouteModule.handle (/Users/matt/strona_www_portfolio/portfolio-website/node_modules/next/dist/compiled/next-server/app-route.runtime.dev.js:26:41338)
    at async doRender (/Users/matt/strona_www_portfolio/portfolio-website/node_modules/next/dist/server/base-server.js:1518:42)
    at async DevServer.renderToResponseWithComponentsImpl (/Users/matt/strona_www_portfolio/portfolio-website/node_modules/next/dist/server/base-server.js:1920:28)
    at async DevServer.renderPageComponent (/Users/matt/strona_www_portfolio/portfolio-website/node_modules/next/dist/server/base-server.js:2408:24)
    at async DevServer.renderToResponseImpl (/Users/matt/strona_www_portfolio/portfolio-website/node_modules/next/dist/server/base-server.js:2445:32)
    at async DevServer.pipeImpl (/Users/matt/strona_www_portfolio/portfolio-website/node_modules/next/dist/server/base-server.js:1008:25)
    at async NextNodeServer.handleCatchallRenderRequest (/Users/matt/strona_www_portfolio/portfolio-website/node_modules/next/dist/server/next-server.js:305:17)
    at async DevServer.handleRequestImpl (/Users/matt/strona_www_portfolio/portfolio-website/node_modules/next/dist/server/base-server.js:900:17)
    at async /Users/matt/strona_www_portfolio/portfolio-website/node_modules/next/dist/server/dev/next-dev-server.js:371:20
    at async Span.traceAsyncFn (/Users/matt/strona_www_portfolio/portfolio-website/node_modules/next/dist/trace/trace.js:157:20)
    at async DevServer.handleRequest (/Users/matt/strona_www_portfolio/portfolio-website/node_modules/next/dist/server/dev/next-dev-server.js:368:24)
    at async invokeRender (/Users/matt/strona_www_portfolio/portfolio-website/node_modules/next/dist/server/lib/router-server.js:237:21)
    at async handleRequest (/Users/matt/strona_www_portfolio/portfolio-website/node_modules/next/dist/server/lib/router-server.js:428:24)
    at async requestHandlerImpl (/Users/matt/strona_www_portfolio/portfolio-website/node_modules/next/dist/server/lib/router-server.js:452:13)
    at async Server.requestListener (/Users/matt/strona_www_portfolio/portfolio-website/node_modules/next/dist/server/lib/start-server.js:158:13)
2025-07-05T06:19:57.776Z [ERROR] Send email error: Error: Testowy błąd loggera!
    at POST (webpack-internal:///(rsc)/./src/app/api/send/route.js:45:15)
    at process.processTicksAndRejections (node:internal/process/task_queues:95:5)
    at async AppRouteRouteModule.do (/Users/matt/strona_www_portfolio/portfolio-website/node_modules/next/dist/compiled/next-server/app-route.runtime.dev.js:26:34112)
    at async AppRouteRouteModule.handle (/Users/matt/strona_www_portfolio/portfolio-website/node_modules/next/dist/compiled/next-server/app-route.runtime.dev.js:26:41338)
    at async doRender (/Users/matt/strona_www_portfolio/portfolio-website/node_modules/next/dist/server/base-server.js:1518:42)
    at async DevServer.renderToResponseWithComponentsImpl (/Users/matt/strona_www_portfolio/portfolio-website/node_modules/next/dist/server/base-server.js:1920:28)
    at async DevServer.renderPageComponent (/Users/matt/strona_www_portfolio/portfolio-website/node_modules/next/dist/server/base-server.js:2408:24)
    at async DevServer.renderToResponseImpl (/Users/matt/strona_www_portfolio/portfolio-website/node_modules/next/dist/server/base-server.js:2445:32)
    at async DevServer.pipeImpl (/Users/matt/strona_www_portfolio/portfolio-website/node_modules/next/dist/server/base-server.js:1008:25)
    at async NextNodeServer.handleCatchallRenderRequest (/Users/matt/strona_www_portfolio/portfolio-website/node_modules/next/dist/server/next-server.js:305:17)
    at async DevServer.handleRequestImpl (/Users/matt/strona_www_portfolio/portfolio-website/node_modules/next/dist/server/base-server.js:900:17)
    at async /Users/matt/strona_www_portfolio/portfolio-website/node_modules/next/dist/server/dev/next-dev-server.js:371:20
    at async Span.traceAsyncFn (/Users/matt/strona_www_portfolio/portfolio-website/node_modules/next/dist/trace/trace.js:157:20)
    at async DevServer.handleRequest (/Users/matt/strona_www_portfolio/portfolio-website/node_modules/next/dist/server/dev/next-dev-server.js:368:24)
    at async invokeRender (/Users/matt/strona_www_portfolio/portfolio-website/node_modules/next/dist/server/lib/router-server.js:237:21)
    at async handleRequest (/Users/matt/strona_www_portfolio/portfolio-website/node_modules/next/dist/server/lib/router-server.js:428:24)
    at async requestHandlerImpl (/Users/matt/strona_www_portfolio/portfolio-website/node_modules/next/dist/server/lib/router-server.js:452:13)
    at async Server.requestListener (/Users/matt/strona_www_portfolio/portfolio-website/node_modules/next/dist/server/lib/start-server.js:158:13)
2025-07-05T07:09:30.361Z [ERROR] Send email error: Error: Testowy błąd loggera!
    at POST (webpack-internal:///(rsc)/./src/app/api/send/route.js:45:15)
    at process.processTicksAndRejections (node:internal/process/task_queues:95:5)
    at async AppRouteRouteModule.do (/Users/matt/strona_www_portfolio/portfolio-website/node_modules/next/dist/compiled/next-server/app-route.runtime.dev.js:26:34112)
    at async AppRouteRouteModule.handle (/Users/matt/strona_www_portfolio/portfolio-website/node_modules/next/dist/compiled/next-server/app-route.runtime.dev.js:26:41338)
    at async doRender (/Users/matt/strona_www_portfolio/portfolio-website/node_modules/next/dist/server/base-server.js:1518:42)
    at async DevServer.renderToResponseWithComponentsImpl (/Users/matt/strona_www_portfolio/portfolio-website/node_modules/next/dist/server/base-server.js:1920:28)
    at async DevServer.renderPageComponent (/Users/matt/strona_www_portfolio/portfolio-website/node_modules/next/dist/server/base-server.js:2408:24)
    at async DevServer.renderToResponseImpl (/Users/matt/strona_www_portfolio/portfolio-website/node_modules/next/dist/server/base-server.js:2445:32)
    at async DevServer.pipeImpl (/Users/matt/strona_www_portfolio/portfolio-website/node_modules/next/dist/server/base-server.js:1008:25)
    at async NextNodeServer.handleCatchallRenderRequest (/Users/matt/strona_www_portfolio/portfolio-website/node_modules/next/dist/server/next-server.js:305:17)
    at async DevServer.handleRequestImpl (/Users/matt/strona_www_portfolio/portfolio-website/node_modules/next/dist/server/base-server.js:900:17)
    at async /Users/matt/strona_www_portfolio/portfolio-website/node_modules/next/dist/server/dev/next-dev-server.js:371:20
    at async Span.traceAsyncFn (/Users/matt/strona_www_portfolio/portfolio-website/node_modules/next/dist/trace/trace.js:157:20)
    at async DevServer.handleRequest (/Users/matt/strona_www_portfolio/portfolio-website/node_modules/next/dist/server/dev/next-dev-server.js:368:24)
    at async invokeRender (/Users/matt/strona_www_portfolio/portfolio-website/node_modules/next/dist/server/lib/router-server.js:237:21)
    at async handleRequest (/Users/matt/strona_www_portfolio/portfolio-website/node_modules/next/dist/server/lib/router-server.js:428:24)
    at async requestHandlerImpl (/Users/matt/strona_www_portfolio/portfolio-website/node_modules/next/dist/server/lib/router-server.js:452:13)
    at async Server.requestListener (/Users/matt/strona_www_portfolio/portfolio-website/node_modules/next/dist/server/lib/start-server.js:158:13)
2025-07-05T07:10:42.120Z [ERROR] Send email error: Error: Testowy błąd loggera!
    at POST (webpack-internal:///(rsc)/./src/app/api/send/route.js:45:15)
    at process.processTicksAndRejections (node:internal/process/task_queues:95:5)
    at async AppRouteRouteModule.do (/Users/matt/strona_www_portfolio/portfolio-website/node_modules/next/dist/compiled/next-server/app-route.runtime.dev.js:26:34112)
    at async AppRouteRouteModule.handle (/Users/matt/strona_www_portfolio/portfolio-website/node_modules/next/dist/compiled/next-server/app-route.runtime.dev.js:26:41338)
    at async doRender (/Users/matt/strona_www_portfolio/portfolio-website/node_modules/next/dist/server/base-server.js:1518:42)
    at async DevServer.renderToResponseWithComponentsImpl (/Users/matt/strona_www_portfolio/portfolio-website/node_modules/next/dist/server/base-server.js:1920:28)
    at async DevServer.renderPageComponent (/Users/matt/strona_www_portfolio/portfolio-website/node_modules/next/dist/server/base-server.js:2408:24)
    at async DevServer.renderToResponseImpl (/Users/matt/strona_www_portfolio/portfolio-website/node_modules/next/dist/server/base-server.js:2445:32)
    at async DevServer.pipeImpl (/Users/matt/strona_www_portfolio/portfolio-website/node_modules/next/dist/server/base-server.js:1008:25)
    at async NextNodeServer.handleCatchallRenderRequest (/Users/matt/strona_www_portfolio/portfolio-website/node_modules/next/dist/server/next-server.js:305:17)
    at async DevServer.handleRequestImpl (/Users/matt/strona_www_portfolio/portfolio-website/node_modules/next/dist/server/base-server.js:900:17)
    at async /Users/matt/strona_www_portfolio/portfolio-website/node_modules/next/dist/server/dev/next-dev-server.js:371:20
    at async Span.traceAsyncFn (/Users/matt/strona_www_portfolio/portfolio-website/node_modules/next/dist/trace/trace.js:157:20)
    at async DevServer.handleRequest (/Users/matt/strona_www_portfolio/portfolio-website/node_modules/next/dist/server/dev/next-dev-server.js:368:24)
    at async invokeRender (/Users/matt/strona_www_portfolio/portfolio-website/node_modules/next/dist/server/lib/router-server.js:237:21)
    at async handleRequest (/Users/matt/strona_www_portfolio/portfolio-website/node_modules/next/dist/server/lib/router-server.js:428:24)
    at async requestHandlerImpl (/Users/matt/strona_www_portfolio/portfolio-website/node_modules/next/dist/server/lib/router-server.js:452:13)
    at async Server.requestListener (/Users/matt/strona_www_portfolio/portfolio-website/node_modules/next/dist/server/lib/start-server.js:158:13)
2025-07-05T12:01:32.751Z [ERROR] Send email error: Error: Testowy błąd loggera!
    at POST (webpack-internal:///(rsc)/./src/app/api/send/route.js:45:15)
    at process.processTicksAndRejections (node:internal/process/task_queues:95:5)
    at async AppRouteRouteModule.do (/Users/matt/strona_www_portfolio/portfolio-website/node_modules/next/dist/compiled/next-server/app-route.runtime.dev.js:26:34112)
    at async AppRouteRouteModule.handle (/Users/matt/strona_www_portfolio/portfolio-website/node_modules/next/dist/compiled/next-server/app-route.runtime.dev.js:26:41338)
    at async doRender (/Users/matt/strona_www_portfolio/portfolio-website/node_modules/next/dist/server/base-server.js:1518:42)
    at async DevServer.renderToResponseWithComponentsImpl (/Users/matt/strona_www_portfolio/portfolio-website/node_modules/next/dist/server/base-server.js:1920:28)
    at async DevServer.renderPageComponent (/Users/matt/strona_www_portfolio/portfolio-website/node_modules/next/dist/server/base-server.js:2408:24)
    at async DevServer.renderToResponseImpl (/Users/matt/strona_www_portfolio/portfolio-website/node_modules/next/dist/server/base-server.js:2445:32)
    at async DevServer.pipeImpl (/Users/matt/strona_www_portfolio/portfolio-website/node_modules/next/dist/server/base-server.js:1008:25)
    at async NextNodeServer.handleCatchallRenderRequest (/Users/matt/strona_www_portfolio/portfolio-website/node_modules/next/dist/server/next-server.js:305:17)
    at async DevServer.handleRequestImpl (/Users/matt/strona_www_portfolio/portfolio-website/node_modules/next/dist/server/base-server.js:900:17)
    at async /Users/matt/strona_www_portfolio/portfolio-website/node_modules/next/dist/server/dev/next-dev-server.js:371:20
    at async Span.traceAsyncFn (/Users/matt/strona_www_portfolio/portfolio-website/node_modules/next/dist/trace/trace.js:157:20)
    at async DevServer.handleRequest (/Users/matt/strona_www_portfolio/portfolio-website/node_modules/next/dist/server/dev/next-dev-server.js:368:24)
    at async invokeRender (/Users/matt/strona_www_portfolio/portfolio-website/node_modules/next/dist/server/lib/router-server.js:237:21)
    at async handleRequest (/Users/matt/strona_www_portfolio/portfolio-website/node_modules/next/dist/server/lib/router-server.js:428:24)
    at async requestHandlerImpl (/Users/matt/strona_www_portfolio/portfolio-website/node_modules/next/dist/server/lib/router-server.js:452:13)
    at async Server.requestListener (/Users/matt/strona_www_portfolio/portfolio-website/node_modules/next/dist/server/lib/start-server.js:158:13)
2025-07-05T12:12:14.512Z [ERROR] Send email error: Error: Testowy błąd loggera!
    at POST (webpack-internal:///(rsc)/./src/app/api/send/route.js:45:15)
    at process.processTicksAndRejections (node:internal/process/task_queues:95:5)
    at async AppRouteRouteModule.do (/Users/matt/strona_www_portfolio/portfolio-website/node_modules/next/dist/compiled/next-server/app-route.runtime.dev.js:26:34112)
    at async AppRouteRouteModule.handle (/Users/matt/strona_www_portfolio/portfolio-website/node_modules/next/dist/compiled/next-server/app-route.runtime.dev.js:26:41338)
    at async doRender (/Users/matt/strona_www_portfolio/portfolio-website/node_modules/next/dist/server/base-server.js:1518:42)
    at async DevServer.renderToResponseWithComponentsImpl (/Users/matt/strona_www_portfolio/portfolio-website/node_modules/next/dist/server/base-server.js:1920:28)
    at async DevServer.renderPageComponent (/Users/matt/strona_www_portfolio/portfolio-website/node_modules/next/dist/server/base-server.js:2408:24)
    at async DevServer.renderToResponseImpl (/Users/matt/strona_www_portfolio/portfolio-website/node_modules/next/dist/server/base-server.js:2445:32)
    at async DevServer.pipeImpl (/Users/matt/strona_www_portfolio/portfolio-website/node_modules/next/dist/server/base-server.js:1008:25)
    at async NextNodeServer.handleCatchallRenderRequest (/Users/matt/strona_www_portfolio/portfolio-website/node_modules/next/dist/server/next-server.js:305:17)
    at async DevServer.handleRequestImpl (/Users/matt/strona_www_portfolio/portfolio-website/node_modules/next/dist/server/base-server.js:900:17)
    at async /Users/matt/strona_www_portfolio/portfolio-website/node_modules/next/dist/server/dev/next-dev-server.js:371:20
    at async Span.traceAsyncFn (/Users/matt/strona_www_portfolio/portfolio-website/node_modules/next/dist/trace/trace.js:157:20)
    at async DevServer.handleRequest (/Users/matt/strona_www_portfolio/portfolio-website/node_modules/next/dist/server/dev/next-dev-server.js:368:24)
    at async invokeRender (/Users/matt/strona_www_portfolio/portfolio-website/node_modules/next/dist/server/lib/router-server.js:237:21)
    at async handleRequest (/Users/matt/strona_www_portfolio/portfolio-website/node_modules/next/dist/server/lib/router-server.js:428:24)
    at async requestHandlerImpl (/Users/matt/strona_www_portfolio/portfolio-website/node_modules/next/dist/server/lib/router-server.js:452:13)
    at async Server.requestListener (/Users/matt/strona_www_portfolio/portfolio-website/node_modules/next/dist/server/lib/start-server.js:158:13)
